[08Jul2025 00:02:08.529] [Server thread/WARN] [net.minecraft.server.MinecraftServer/]: Can't keep up! Is the server overloaded? Running 2040ms or 40 ticks behind
[08Jul2025 00:03:12.390] [Server Watchdog/ERROR] [net.minecraft.server.dedicated.ServerWatchdog/FATAL]: A single server tick took 60.00 seconds (should be max 0.05)
[08Jul2025 00:03:12.390] [Server Watchdog/ERROR] [net.minecraft.server.dedicated.ServerWatchdog/FATAL]: Considering it to be crashed, server will forcibly shutdown.
[08Jul2025 00:03:12.884] [Server Watchdog/FATAL] [net.minecraftforge.common.ForgeMod/]: Preparing crash report with UUID 12a37b6a-ef89-4f2c-a2b8-344bd4943870
[08Jul2025 00:03:12.906] [Server Watchdog/FATAL] [net.minecraftforge.common.ForgeMod/]: Preparing crash report with UUID 16caaa59-9aaa-41f1-8bd3-8e99de098775
[08Jul2025 00:03:12.906] [Server Watchdog/ERROR] [net.minecraft.server.dedicated.ServerWatchdog/]: This crash report has been saved to: /workspaces/congenial-goggles/servidor_minecraft/./crash-reports/crash-2025-07-08_00.03.12-server.txt
[08Jul2025 00:03:13.085] [Server thread/INFO] [net.minecraft.server.MinecraftServer/]: Stopping server
[08Jul2025 00:03:13.086] [Server thread/INFO] [net.minecraft.server.MinecraftServer/]: Saving players
[08Jul2025 00:03:13.097] [Server thread/INFO] [net.minecraft.server.network.ServerGamePacketListenerImpl/]: Z1lasaur lost connection: Server closed
[08Jul2025 00:03:13.097] [Server thread/INFO] [net.minecraft.server.MinecraftServer/]: Z1lasaur left the game
[08Jul2025 00:03:13.102] [Server thread/INFO] [net.minecraft.server.MinecraftServer/]: Saving worlds
[08Jul2025 00:03:14.346] [Server thread/INFO] [net.minecraft.server.MinecraftServer/]: Saving chunks for level 'ServerLevel[world]'/minecraft:overworld
[08Jul2025 00:03:14.477] [Server thread/INFO] [net.minecraft.server.MinecraftServer/]: Saving chunks for level 'ServerLevel[world]'/minecraft:the_nether
[08Jul2025 00:03:14.478] [Server thread/INFO] [net.minecraft.server.MinecraftServer/]: Saving chunks for level 'ServerLevel[world]'/man:halucination
[08Jul2025 00:03:14.479] [Server thread/INFO] [net.minecraft.server.MinecraftServer/]: Saving chunks for level 'ServerLevel[world]'/minecraft:the_end
[08Jul2025 00:03:14.511] [Server thread/INFO] [net.minecraft.server.MinecraftServer/]: ThreadedAnvilChunkStorage (world): All chunks are saved
[08Jul2025 00:03:14.511] [Server thread/INFO] [net.minecraft.server.MinecraftServer/]: ThreadedAnvilChunkStorage (DIM-1): All chunks are saved
[08Jul2025 00:03:14.511] [Server thread/INFO] [net.minecraft.server.MinecraftServer/]: ThreadedAnvilChunkStorage (halucination): All chunks are saved
[08Jul2025 00:03:14.511] [Server thread/INFO] [net.minecraft.server.MinecraftServer/]: ThreadedAnvilChunkStorage (DIM1): All chunks are saved
[08Jul2025 00:03:14.511] [Server thread/INFO] [net.minecraft.server.MinecraftServer/]: ThreadedAnvilChunkStorage: All dimensions are saved
[08Jul2025 00:03:14.532] [Server thread/INFO] [Framework/]: Unloading server configs...
